14:40:22.292 INFO  AutomationTesting2020 -onStart -> Test Tag Name: Book Flight for 2 Passengers
14:40:22.292 INFO  AutomationTesting2020 -onStart -> Test Tag Name: Book Flight for 3 Passengers
14:40:22.292 INFO  AutomationTesting2020 -onStart -> Test Tag Name: Book Flight for 1 Passenger
14:40:22.292 INFO  AutomationTesting2020 -onStart -> Test Tag Name: Book Flight for 4 Passengers
14:40:22.300 INFO  AutomationTesting2020 -confirm_User_Registration
14:40:22.300 INFO  AutomationTesting2020 -confirm_User_Registration
14:40:22.300 INFO  AutomationTesting2020 -confirm_User_Registration
14:40:22.300 INFO  AutomationTesting2020 -confirm_User_Registration
14:40:22.300 INFO  AutomationTesting2020 -flight_Confirmation
14:40:22.300 INFO  AutomationTesting2020 -flight_Confirmation
14:40:22.300 INFO  AutomationTesting2020 -flight_Confirmation
14:40:22.300 INFO  AutomationTesting2020 -flight_Confirmation
14:40:22.302 INFO  AutomationTesting2020 -flight_Reservation
14:40:22.300 INFO  AutomationTesting2020 -flight_Reservation
14:40:22.302 INFO  AutomationTesting2020 -open_Registration
14:40:22.302 INFO  AutomationTesting2020 -flight_Reservation
14:40:22.302 INFO  AutomationTesting2020 -user_Registration
14:40:22.302 INFO  AutomationTesting2020 -open_Registration
14:40:22.302 INFO  AutomationTesting2020 -open_Registration
14:40:22.302 INFO  AutomationTesting2020 -user_Registration
14:40:22.302 INFO  AutomationTesting2020 -user_Registration
14:40:22.304 INFO  AutomationTesting2020 -flight_Reservation
14:40:22.305 INFO  AutomationTesting2020 -open_Registration
14:40:22.305 INFO  AutomationTesting2020 -user_Registration
14:40:22.374 INFO  AutomationTesting2020 -onTestSkipped -> Test Method Name: open_Registration
14:40:22.377 INFO  AutomationTesting2020 -onTestSkipped -> Test Method Name: open_Registration
14:40:22.379 INFO  AutomationTesting2020 -onTestSkipped -> Test Method Name: open_Registration
14:40:22.381 INFO  AutomationTesting2020 -onTestSkipped -> Test Method Name: open_Registration
14:40:22.379 ERROR AutomationTesting2020 -Error while executing onTestSkipped, full stack trace follows:
java.lang.NullPointerException: null
	at listeners.TestListeners.onTestSkipped(TestListeners.java:102) [test-classes/:?]
	at org.testng.internal.TestListenerHelper.runTestListeners(TestListenerHelper.java:61) [testng-6.14.3.jar:?]
	at org.testng.internal.Invoker.runTestListeners(Invoker.java:1389) [testng-6.14.3.jar:?]
	at org.testng.internal.Invoker.registerSkippedTestResult(Invoker.java:1063) [testng-6.14.3.jar:?]
	at org.testng.internal.Invoker.invokeMethod(Invoker.java:529) [testng-6.14.3.jar:?]
	at org.testng.internal.Invoker.invokeTestMethod(Invoker.java:719) [testng-6.14.3.jar:?]
	at org.testng.internal.Invoker.invokeTestMethods(Invoker.java:989) [testng-6.14.3.jar:?]
	at org.testng.internal.TestMethodWorker.invokeTestMethods(TestMethodWorker.java:125) [testng-6.14.3.jar:?]
	at org.testng.internal.TestMethodWorker.run(TestMethodWorker.java:109) [testng-6.14.3.jar:?]
	at org.testng.TestRunner.privateRun(TestRunner.java:648) [testng-6.14.3.jar:?]
	at org.testng.TestRunner.run(TestRunner.java:505) [testng-6.14.3.jar:?]
	at org.testng.SuiteRunner.runTest(SuiteRunner.java:455) [testng-6.14.3.jar:?]
	at org.testng.SuiteRunner.access$000(SuiteRunner.java:40) [testng-6.14.3.jar:?]
	at org.testng.SuiteRunner$SuiteWorker.run(SuiteRunner.java:489) [testng-6.14.3.jar:?]
	at org.testng.internal.thread.ThreadUtil$1.call(ThreadUtil.java:52) [testng-6.14.3.jar:?]
	at java.util.concurrent.FutureTask.run(FutureTask.java:266) [?:1.8.0_131]
	at java.util.concurrent.ThreadPoolExecutor.runWorker(ThreadPoolExecutor.java:1142) [?:1.8.0_131]
	at java.util.concurrent.ThreadPoolExecutor$Worker.run(ThreadPoolExecutor.java:617) [?:1.8.0_131]
	at java.lang.Thread.run(Thread.java:748) [?:1.8.0_131]
14:40:22.381 ERROR AutomationTesting2020 -Error while executing onTestSkipped, full stack trace follows:
java.lang.NullPointerException: null
	at listeners.TestListeners.onTestSkipped(TestListeners.java:102) [test-classes/:?]
	at org.testng.internal.TestListenerHelper.runTestListeners(TestListenerHelper.java:61) [testng-6.14.3.jar:?]
	at org.testng.internal.Invoker.runTestListeners(Invoker.java:1389) [testng-6.14.3.jar:?]
	at org.testng.internal.Invoker.registerSkippedTestResult(Invoker.java:1063) [testng-6.14.3.jar:?]
	at org.testng.internal.Invoker.invokeMethod(Invoker.java:529) [testng-6.14.3.jar:?]
	at org.testng.internal.Invoker.invokeTestMethod(Invoker.java:719) [testng-6.14.3.jar:?]
	at org.testng.internal.Invoker.invokeTestMethods(Invoker.java:989) [testng-6.14.3.jar:?]
	at org.testng.internal.TestMethodWorker.invokeTestMethods(TestMethodWorker.java:125) [testng-6.14.3.jar:?]
	at org.testng.internal.TestMethodWorker.run(TestMethodWorker.java:109) [testng-6.14.3.jar:?]
	at org.testng.TestRunner.privateRun(TestRunner.java:648) [testng-6.14.3.jar:?]
	at org.testng.TestRunner.run(TestRunner.java:505) [testng-6.14.3.jar:?]
	at org.testng.SuiteRunner.runTest(SuiteRunner.java:455) [testng-6.14.3.jar:?]
	at org.testng.SuiteRunner.access$000(SuiteRunner.java:40) [testng-6.14.3.jar:?]
	at org.testng.SuiteRunner$SuiteWorker.run(SuiteRunner.java:489) [testng-6.14.3.jar:?]
	at org.testng.internal.thread.ThreadUtil$1.call(ThreadUtil.java:52) [testng-6.14.3.jar:?]
	at java.util.concurrent.FutureTask.run(FutureTask.java:266) [?:1.8.0_131]
	at java.util.concurrent.ThreadPoolExecutor.runWorker(ThreadPoolExecutor.java:1142) [?:1.8.0_131]
	at java.util.concurrent.ThreadPoolExecutor$Worker.run(ThreadPoolExecutor.java:617) [?:1.8.0_131]
	at java.lang.Thread.run(Thread.java:748) [?:1.8.0_131]
14:40:22.377 ERROR AutomationTesting2020 -Error while executing onTestSkipped, full stack trace follows:
java.lang.NullPointerException: null
	at listeners.TestListeners.onTestSkipped(TestListeners.java:102) [test-classes/:?]
	at org.testng.internal.TestListenerHelper.runTestListeners(TestListenerHelper.java:61) [testng-6.14.3.jar:?]
	at org.testng.internal.Invoker.runTestListeners(Invoker.java:1389) [testng-6.14.3.jar:?]
	at org.testng.internal.Invoker.registerSkippedTestResult(Invoker.java:1063) [testng-6.14.3.jar:?]
	at org.testng.internal.Invoker.invokeMethod(Invoker.java:529) [testng-6.14.3.jar:?]
	at org.testng.internal.Invoker.invokeTestMethod(Invoker.java:719) [testng-6.14.3.jar:?]
	at org.testng.internal.Invoker.invokeTestMethods(Invoker.java:989) [testng-6.14.3.jar:?]
	at org.testng.internal.TestMethodWorker.invokeTestMethods(TestMethodWorker.java:125) [testng-6.14.3.jar:?]
	at org.testng.internal.TestMethodWorker.run(TestMethodWorker.java:109) [testng-6.14.3.jar:?]
	at org.testng.TestRunner.privateRun(TestRunner.java:648) [testng-6.14.3.jar:?]
	at org.testng.TestRunner.run(TestRunner.java:505) [testng-6.14.3.jar:?]
	at org.testng.SuiteRunner.runTest(SuiteRunner.java:455) [testng-6.14.3.jar:?]
	at org.testng.SuiteRunner.access$000(SuiteRunner.java:40) [testng-6.14.3.jar:?]
	at org.testng.SuiteRunner$SuiteWorker.run(SuiteRunner.java:489) [testng-6.14.3.jar:?]
	at org.testng.internal.thread.ThreadUtil$1.call(ThreadUtil.java:52) [testng-6.14.3.jar:?]
	at java.util.concurrent.FutureTask.run(FutureTask.java:266) [?:1.8.0_131]
	at java.util.concurrent.ThreadPoolExecutor.runWorker(ThreadPoolExecutor.java:1142) [?:1.8.0_131]
	at java.util.concurrent.ThreadPoolExecutor$Worker.run(ThreadPoolExecutor.java:617) [?:1.8.0_131]
	at java.lang.Thread.run(Thread.java:748) [?:1.8.0_131]
14:40:22.376 ERROR AutomationTesting2020 -Error while executing onTestSkipped, full stack trace follows:
java.lang.NullPointerException: null
	at listeners.TestListeners.onTestSkipped(TestListeners.java:102) [test-classes/:?]
	at org.testng.internal.TestListenerHelper.runTestListeners(TestListenerHelper.java:61) [testng-6.14.3.jar:?]
	at org.testng.internal.Invoker.runTestListeners(Invoker.java:1389) [testng-6.14.3.jar:?]
	at org.testng.internal.Invoker.registerSkippedTestResult(Invoker.java:1063) [testng-6.14.3.jar:?]
	at org.testng.internal.Invoker.invokeMethod(Invoker.java:529) [testng-6.14.3.jar:?]
	at org.testng.internal.Invoker.invokeTestMethod(Invoker.java:719) [testng-6.14.3.jar:?]
	at org.testng.internal.Invoker.invokeTestMethods(Invoker.java:989) [testng-6.14.3.jar:?]
	at org.testng.internal.TestMethodWorker.invokeTestMethods(TestMethodWorker.java:125) [testng-6.14.3.jar:?]
	at org.testng.internal.TestMethodWorker.run(TestMethodWorker.java:109) [testng-6.14.3.jar:?]
	at org.testng.TestRunner.privateRun(TestRunner.java:648) [testng-6.14.3.jar:?]
	at org.testng.TestRunner.run(TestRunner.java:505) [testng-6.14.3.jar:?]
	at org.testng.SuiteRunner.runTest(SuiteRunner.java:455) [testng-6.14.3.jar:?]
	at org.testng.SuiteRunner.access$000(SuiteRunner.java:40) [testng-6.14.3.jar:?]
	at org.testng.SuiteRunner$SuiteWorker.run(SuiteRunner.java:489) [testng-6.14.3.jar:?]
	at org.testng.internal.thread.ThreadUtil$1.call(ThreadUtil.java:52) [testng-6.14.3.jar:?]
	at java.util.concurrent.FutureTask.run(FutureTask.java:266) [?:1.8.0_131]
	at java.util.concurrent.ThreadPoolExecutor.runWorker(ThreadPoolExecutor.java:1142) [?:1.8.0_131]
	at java.util.concurrent.ThreadPoolExecutor$Worker.run(ThreadPoolExecutor.java:617) [?:1.8.0_131]
	at java.lang.Thread.run(Thread.java:748) [?:1.8.0_131]
14:40:22.389 INFO  AutomationTesting2020 -onTestSkipped -> Test Method Name: user_Registration
14:40:22.389 ERROR AutomationTesting2020 -Error while executing onTestSkipped, full stack trace follows:
java.lang.NullPointerException: null
	at listeners.TestListeners.onTestSkipped(TestListeners.java:102) [test-classes/:?]
	at org.testng.internal.TestListenerHelper.runTestListeners(TestListenerHelper.java:61) [testng-6.14.3.jar:?]
	at org.testng.internal.Invoker.runTestListeners(Invoker.java:1389) [testng-6.14.3.jar:?]
	at org.testng.internal.Invoker.registerSkippedTestResult(Invoker.java:1063) [testng-6.14.3.jar:?]
	at org.testng.internal.Invoker.invokeMethod(Invoker.java:529) [testng-6.14.3.jar:?]
	at org.testng.internal.Invoker.invokeTestMethod(Invoker.java:719) [testng-6.14.3.jar:?]
	at org.testng.internal.Invoker.invokeTestMethods(Invoker.java:989) [testng-6.14.3.jar:?]
	at org.testng.internal.TestMethodWorker.invokeTestMethods(TestMethodWorker.java:125) [testng-6.14.3.jar:?]
	at org.testng.internal.TestMethodWorker.run(TestMethodWorker.java:109) [testng-6.14.3.jar:?]
	at org.testng.TestRunner.privateRun(TestRunner.java:648) [testng-6.14.3.jar:?]
	at org.testng.TestRunner.run(TestRunner.java:505) [testng-6.14.3.jar:?]
	at org.testng.SuiteRunner.runTest(SuiteRunner.java:455) [testng-6.14.3.jar:?]
	at org.testng.SuiteRunner.access$000(SuiteRunner.java:40) [testng-6.14.3.jar:?]
	at org.testng.SuiteRunner$SuiteWorker.run(SuiteRunner.java:489) [testng-6.14.3.jar:?]
	at org.testng.internal.thread.ThreadUtil$1.call(ThreadUtil.java:52) [testng-6.14.3.jar:?]
	at java.util.concurrent.FutureTask.run(FutureTask.java:266) [?:1.8.0_131]
	at java.util.concurrent.ThreadPoolExecutor.runWorker(ThreadPoolExecutor.java:1142) [?:1.8.0_131]
	at java.util.concurrent.ThreadPoolExecutor$Worker.run(ThreadPoolExecutor.java:617) [?:1.8.0_131]
	at java.lang.Thread.run(Thread.java:748) [?:1.8.0_131]
14:40:22.391 INFO  AutomationTesting2020 -onTestSkipped -> Test Method Name: user_Registration
14:40:22.391 ERROR AutomationTesting2020 -Error while executing onTestSkipped, full stack trace follows:
java.lang.NullPointerException: null
	at listeners.TestListeners.onTestSkipped(TestListeners.java:102) [test-classes/:?]
	at org.testng.internal.TestListenerHelper.runTestListeners(TestListenerHelper.java:61) [testng-6.14.3.jar:?]
	at org.testng.internal.Invoker.runTestListeners(Invoker.java:1389) [testng-6.14.3.jar:?]
	at org.testng.internal.Invoker.registerSkippedTestResult(Invoker.java:1063) [testng-6.14.3.jar:?]
	at org.testng.internal.Invoker.invokeMethod(Invoker.java:529) [testng-6.14.3.jar:?]
	at org.testng.internal.Invoker.invokeTestMethod(Invoker.java:719) [testng-6.14.3.jar:?]
	at org.testng.internal.Invoker.invokeTestMethods(Invoker.java:989) [testng-6.14.3.jar:?]
	at org.testng.internal.TestMethodWorker.invokeTestMethods(TestMethodWorker.java:125) [testng-6.14.3.jar:?]
	at org.testng.internal.TestMethodWorker.run(TestMethodWorker.java:109) [testng-6.14.3.jar:?]
	at org.testng.TestRunner.privateRun(TestRunner.java:648) [testng-6.14.3.jar:?]
	at org.testng.TestRunner.run(TestRunner.java:505) [testng-6.14.3.jar:?]
	at org.testng.SuiteRunner.runTest(SuiteRunner.java:455) [testng-6.14.3.jar:?]
	at org.testng.SuiteRunner.access$000(SuiteRunner.java:40) [testng-6.14.3.jar:?]
	at org.testng.SuiteRunner$SuiteWorker.run(SuiteRunner.java:489) [testng-6.14.3.jar:?]
	at org.testng.internal.thread.ThreadUtil$1.call(ThreadUtil.java:52) [testng-6.14.3.jar:?]
	at java.util.concurrent.FutureTask.run(FutureTask.java:266) [?:1.8.0_131]
	at java.util.concurrent.ThreadPoolExecutor.runWorker(ThreadPoolExecutor.java:1142) [?:1.8.0_131]
	at java.util.concurrent.ThreadPoolExecutor$Worker.run(ThreadPoolExecutor.java:617) [?:1.8.0_131]
	at java.lang.Thread.run(Thread.java:748) [?:1.8.0_131]
14:40:22.392 INFO  AutomationTesting2020 -onTestSkipped -> Test Method Name: user_Registration
14:40:22.393 ERROR AutomationTesting2020 -Error while executing onTestSkipped, full stack trace follows:
java.lang.NullPointerException: null
	at listeners.TestListeners.onTestSkipped(TestListeners.java:102) [test-classes/:?]
	at org.testng.internal.TestListenerHelper.runTestListeners(TestListenerHelper.java:61) [testng-6.14.3.jar:?]
	at org.testng.internal.Invoker.runTestListeners(Invoker.java:1389) [testng-6.14.3.jar:?]
	at org.testng.internal.Invoker.registerSkippedTestResult(Invoker.java:1063) [testng-6.14.3.jar:?]
	at org.testng.internal.Invoker.invokeMethod(Invoker.java:529) [testng-6.14.3.jar:?]
	at org.testng.internal.Invoker.invokeTestMethod(Invoker.java:719) [testng-6.14.3.jar:?]
	at org.testng.internal.Invoker.invokeTestMethods(Invoker.java:989) [testng-6.14.3.jar:?]
	at org.testng.internal.TestMethodWorker.invokeTestMethods(TestMethodWorker.java:125) [testng-6.14.3.jar:?]
	at org.testng.internal.TestMethodWorker.run(TestMethodWorker.java:109) [testng-6.14.3.jar:?]
	at org.testng.TestRunner.privateRun(TestRunner.java:648) [testng-6.14.3.jar:?]
	at org.testng.TestRunner.run(TestRunner.java:505) [testng-6.14.3.jar:?]
	at org.testng.SuiteRunner.runTest(SuiteRunner.java:455) [testng-6.14.3.jar:?]
	at org.testng.SuiteRunner.access$000(SuiteRunner.java:40) [testng-6.14.3.jar:?]
	at org.testng.SuiteRunner$SuiteWorker.run(SuiteRunner.java:489) [testng-6.14.3.jar:?]
	at org.testng.internal.thread.ThreadUtil$1.call(ThreadUtil.java:52) [testng-6.14.3.jar:?]
	at java.util.concurrent.FutureTask.run(FutureTask.java:266) [?:1.8.0_131]
	at java.util.concurrent.ThreadPoolExecutor.runWorker(ThreadPoolExecutor.java:1142) [?:1.8.0_131]
	at java.util.concurrent.ThreadPoolExecutor$Worker.run(ThreadPoolExecutor.java:617) [?:1.8.0_131]
	at java.lang.Thread.run(Thread.java:748) [?:1.8.0_131]
14:40:22.394 INFO  AutomationTesting2020 -onTestSkipped -> Test Method Name: user_Registration
14:40:22.394 ERROR AutomationTesting2020 -Error while executing onTestSkipped, full stack trace follows:
java.lang.NullPointerException: null
	at listeners.TestListeners.onTestSkipped(TestListeners.java:102) [test-classes/:?]
	at org.testng.internal.TestListenerHelper.runTestListeners(TestListenerHelper.java:61) [testng-6.14.3.jar:?]
	at org.testng.internal.Invoker.runTestListeners(Invoker.java:1389) [testng-6.14.3.jar:?]
	at org.testng.internal.Invoker.registerSkippedTestResult(Invoker.java:1063) [testng-6.14.3.jar:?]
	at org.testng.internal.Invoker.invokeMethod(Invoker.java:529) [testng-6.14.3.jar:?]
	at org.testng.internal.Invoker.invokeTestMethod(Invoker.java:719) [testng-6.14.3.jar:?]
	at org.testng.internal.Invoker.invokeTestMethods(Invoker.java:989) [testng-6.14.3.jar:?]
	at org.testng.internal.TestMethodWorker.invokeTestMethods(TestMethodWorker.java:125) [testng-6.14.3.jar:?]
	at org.testng.internal.TestMethodWorker.run(TestMethodWorker.java:109) [testng-6.14.3.jar:?]
	at org.testng.TestRunner.privateRun(TestRunner.java:648) [testng-6.14.3.jar:?]
	at org.testng.TestRunner.run(TestRunner.java:505) [testng-6.14.3.jar:?]
	at org.testng.SuiteRunner.runTest(SuiteRunner.java:455) [testng-6.14.3.jar:?]
	at org.testng.SuiteRunner.access$000(SuiteRunner.java:40) [testng-6.14.3.jar:?]
	at org.testng.SuiteRunner$SuiteWorker.run(SuiteRunner.java:489) [testng-6.14.3.jar:?]
	at org.testng.internal.thread.ThreadUtil$1.call(ThreadUtil.java:52) [testng-6.14.3.jar:?]
	at java.util.concurrent.FutureTask.run(FutureTask.java:266) [?:1.8.0_131]
	at java.util.concurrent.ThreadPoolExecutor.runWorker(ThreadPoolExecutor.java:1142) [?:1.8.0_131]
	at java.util.concurrent.ThreadPoolExecutor$Worker.run(ThreadPoolExecutor.java:617) [?:1.8.0_131]
	at java.lang.Thread.run(Thread.java:748) [?:1.8.0_131]
14:40:22.396 INFO  AutomationTesting2020 -onTestSkipped -> Test Method Name: confirm_User_Registration
14:40:22.396 ERROR AutomationTesting2020 -Error while executing onTestSkipped, full stack trace follows:
java.lang.NullPointerException: null
	at listeners.TestListeners.onTestSkipped(TestListeners.java:102) [test-classes/:?]
	at org.testng.internal.TestListenerHelper.runTestListeners(TestListenerHelper.java:61) [testng-6.14.3.jar:?]
	at org.testng.internal.Invoker.runTestListeners(Invoker.java:1389) [testng-6.14.3.jar:?]
	at org.testng.internal.Invoker.registerSkippedTestResult(Invoker.java:1063) [testng-6.14.3.jar:?]
	at org.testng.internal.Invoker.invokeMethod(Invoker.java:529) [testng-6.14.3.jar:?]
	at org.testng.internal.Invoker.invokeTestMethod(Invoker.java:719) [testng-6.14.3.jar:?]
	at org.testng.internal.Invoker.invokeTestMethods(Invoker.java:989) [testng-6.14.3.jar:?]
	at org.testng.internal.TestMethodWorker.invokeTestMethods(TestMethodWorker.java:125) [testng-6.14.3.jar:?]
	at org.testng.internal.TestMethodWorker.run(TestMethodWorker.java:109) [testng-6.14.3.jar:?]
	at org.testng.TestRunner.privateRun(TestRunner.java:648) [testng-6.14.3.jar:?]
	at org.testng.TestRunner.run(TestRunner.java:505) [testng-6.14.3.jar:?]
	at org.testng.SuiteRunner.runTest(SuiteRunner.java:455) [testng-6.14.3.jar:?]
	at org.testng.SuiteRunner.access$000(SuiteRunner.java:40) [testng-6.14.3.jar:?]
	at org.testng.SuiteRunner$SuiteWorker.run(SuiteRunner.java:489) [testng-6.14.3.jar:?]
	at org.testng.internal.thread.ThreadUtil$1.call(ThreadUtil.java:52) [testng-6.14.3.jar:?]
	at java.util.concurrent.FutureTask.run(FutureTask.java:266) [?:1.8.0_131]
	at java.util.concurrent.ThreadPoolExecutor.runWorker(ThreadPoolExecutor.java:1142) [?:1.8.0_131]
	at java.util.concurrent.ThreadPoolExecutor$Worker.run(ThreadPoolExecutor.java:617) [?:1.8.0_131]
	at java.lang.Thread.run(Thread.java:748) [?:1.8.0_131]
14:40:22.397 INFO  AutomationTesting2020 -onTestSkipped -> Test Method Name: confirm_User_Registration
14:40:22.397 ERROR AutomationTesting2020 -Error while executing onTestSkipped, full stack trace follows:
java.lang.NullPointerException: null
	at listeners.TestListeners.onTestSkipped(TestListeners.java:102) [test-classes/:?]
	at org.testng.internal.TestListenerHelper.runTestListeners(TestListenerHelper.java:61) [testng-6.14.3.jar:?]
	at org.testng.internal.Invoker.runTestListeners(Invoker.java:1389) [testng-6.14.3.jar:?]
	at org.testng.internal.Invoker.registerSkippedTestResult(Invoker.java:1063) [testng-6.14.3.jar:?]
	at org.testng.internal.Invoker.invokeMethod(Invoker.java:529) [testng-6.14.3.jar:?]
	at org.testng.internal.Invoker.invokeTestMethod(Invoker.java:719) [testng-6.14.3.jar:?]
	at org.testng.internal.Invoker.invokeTestMethods(Invoker.java:989) [testng-6.14.3.jar:?]
	at org.testng.internal.TestMethodWorker.invokeTestMethods(TestMethodWorker.java:125) [testng-6.14.3.jar:?]
	at org.testng.internal.TestMethodWorker.run(TestMethodWorker.java:109) [testng-6.14.3.jar:?]
	at org.testng.TestRunner.privateRun(TestRunner.java:648) [testng-6.14.3.jar:?]
	at org.testng.TestRunner.run(TestRunner.java:505) [testng-6.14.3.jar:?]
	at org.testng.SuiteRunner.runTest(SuiteRunner.java:455) [testng-6.14.3.jar:?]
	at org.testng.SuiteRunner.access$000(SuiteRunner.java:40) [testng-6.14.3.jar:?]
	at org.testng.SuiteRunner$SuiteWorker.run(SuiteRunner.java:489) [testng-6.14.3.jar:?]
	at org.testng.internal.thread.ThreadUtil$1.call(ThreadUtil.java:52) [testng-6.14.3.jar:?]
	at java.util.concurrent.FutureTask.run(FutureTask.java:266) [?:1.8.0_131]
	at java.util.concurrent.ThreadPoolExecutor.runWorker(ThreadPoolExecutor.java:1142) [?:1.8.0_131]
	at java.util.concurrent.ThreadPoolExecutor$Worker.run(ThreadPoolExecutor.java:617) [?:1.8.0_131]
	at java.lang.Thread.run(Thread.java:748) [?:1.8.0_131]
14:40:22.398 INFO  AutomationTesting2020 -onTestSkipped -> Test Method Name: confirm_User_Registration
14:40:22.398 ERROR AutomationTesting2020 -Error while executing onTestSkipped, full stack trace follows:
java.lang.NullPointerException: null
	at listeners.TestListeners.onTestSkipped(TestListeners.java:102) [test-classes/:?]
	at org.testng.internal.TestListenerHelper.runTestListeners(TestListenerHelper.java:61) [testng-6.14.3.jar:?]
	at org.testng.internal.Invoker.runTestListeners(Invoker.java:1389) [testng-6.14.3.jar:?]
	at org.testng.internal.Invoker.registerSkippedTestResult(Invoker.java:1063) [testng-6.14.3.jar:?]
	at org.testng.internal.Invoker.invokeMethod(Invoker.java:529) [testng-6.14.3.jar:?]
	at org.testng.internal.Invoker.invokeTestMethod(Invoker.java:719) [testng-6.14.3.jar:?]
	at org.testng.internal.Invoker.invokeTestMethods(Invoker.java:989) [testng-6.14.3.jar:?]
	at org.testng.internal.TestMethodWorker.invokeTestMethods(TestMethodWorker.java:125) [testng-6.14.3.jar:?]
	at org.testng.internal.TestMethodWorker.run(TestMethodWorker.java:109) [testng-6.14.3.jar:?]
	at org.testng.TestRunner.privateRun(TestRunner.java:648) [testng-6.14.3.jar:?]
	at org.testng.TestRunner.run(TestRunner.java:505) [testng-6.14.3.jar:?]
	at org.testng.SuiteRunner.runTest(SuiteRunner.java:455) [testng-6.14.3.jar:?]
	at org.testng.SuiteRunner.access$000(SuiteRunner.java:40) [testng-6.14.3.jar:?]
	at org.testng.SuiteRunner$SuiteWorker.run(SuiteRunner.java:489) [testng-6.14.3.jar:?]
	at org.testng.internal.thread.ThreadUtil$1.call(ThreadUtil.java:52) [testng-6.14.3.jar:?]
	at java.util.concurrent.FutureTask.run(FutureTask.java:266) [?:1.8.0_131]
	at java.util.concurrent.ThreadPoolExecutor.runWorker(ThreadPoolExecutor.java:1142) [?:1.8.0_131]
	at java.util.concurrent.ThreadPoolExecutor$Worker.run(ThreadPoolExecutor.java:617) [?:1.8.0_131]
	at java.lang.Thread.run(Thread.java:748) [?:1.8.0_131]
14:40:22.400 INFO  AutomationTesting2020 -onTestSkipped -> Test Method Name: flight_Reservation
14:40:22.400 ERROR AutomationTesting2020 -Error while executing onTestSkipped, full stack trace follows:
java.lang.NullPointerException: null
	at listeners.TestListeners.onTestSkipped(TestListeners.java:102) [test-classes/:?]
	at org.testng.internal.TestListenerHelper.runTestListeners(TestListenerHelper.java:61) [testng-6.14.3.jar:?]
	at org.testng.internal.Invoker.runTestListeners(Invoker.java:1389) [testng-6.14.3.jar:?]
	at org.testng.internal.Invoker.registerSkippedTestResult(Invoker.java:1063) [testng-6.14.3.jar:?]
	at org.testng.internal.Invoker.invokeMethod(Invoker.java:529) [testng-6.14.3.jar:?]
	at org.testng.internal.Invoker.invokeTestMethod(Invoker.java:719) [testng-6.14.3.jar:?]
	at org.testng.internal.Invoker.invokeTestMethods(Invoker.java:989) [testng-6.14.3.jar:?]
	at org.testng.internal.TestMethodWorker.invokeTestMethods(TestMethodWorker.java:125) [testng-6.14.3.jar:?]
	at org.testng.internal.TestMethodWorker.run(TestMethodWorker.java:109) [testng-6.14.3.jar:?]
	at org.testng.TestRunner.privateRun(TestRunner.java:648) [testng-6.14.3.jar:?]
	at org.testng.TestRunner.run(TestRunner.java:505) [testng-6.14.3.jar:?]
	at org.testng.SuiteRunner.runTest(SuiteRunner.java:455) [testng-6.14.3.jar:?]
	at org.testng.SuiteRunner.access$000(SuiteRunner.java:40) [testng-6.14.3.jar:?]
	at org.testng.SuiteRunner$SuiteWorker.run(SuiteRunner.java:489) [testng-6.14.3.jar:?]
	at org.testng.internal.thread.ThreadUtil$1.call(ThreadUtil.java:52) [testng-6.14.3.jar:?]
	at java.util.concurrent.FutureTask.run(FutureTask.java:266) [?:1.8.0_131]
	at java.util.concurrent.ThreadPoolExecutor.runWorker(ThreadPoolExecutor.java:1142) [?:1.8.0_131]
	at java.util.concurrent.ThreadPoolExecutor$Worker.run(ThreadPoolExecutor.java:617) [?:1.8.0_131]
	at java.lang.Thread.run(Thread.java:748) [?:1.8.0_131]
14:40:22.401 INFO  AutomationTesting2020 -onTestSkipped -> Test Method Name: flight_Reservation
14:40:22.401 ERROR AutomationTesting2020 -Error while executing onTestSkipped, full stack trace follows:
java.lang.NullPointerException: null
	at listeners.TestListeners.onTestSkipped(TestListeners.java:102) [test-classes/:?]
	at org.testng.internal.TestListenerHelper.runTestListeners(TestListenerHelper.java:61) [testng-6.14.3.jar:?]
	at org.testng.internal.Invoker.runTestListeners(Invoker.java:1389) [testng-6.14.3.jar:?]
	at org.testng.internal.Invoker.registerSkippedTestResult(Invoker.java:1063) [testng-6.14.3.jar:?]
	at org.testng.internal.Invoker.invokeMethod(Invoker.java:529) [testng-6.14.3.jar:?]
	at org.testng.internal.Invoker.invokeTestMethod(Invoker.java:719) [testng-6.14.3.jar:?]
	at org.testng.internal.Invoker.invokeTestMethods(Invoker.java:989) [testng-6.14.3.jar:?]
	at org.testng.internal.TestMethodWorker.invokeTestMethods(TestMethodWorker.java:125) [testng-6.14.3.jar:?]
	at org.testng.internal.TestMethodWorker.run(TestMethodWorker.java:109) [testng-6.14.3.jar:?]
	at org.testng.TestRunner.privateRun(TestRunner.java:648) [testng-6.14.3.jar:?]
	at org.testng.TestRunner.run(TestRunner.java:505) [testng-6.14.3.jar:?]
	at org.testng.SuiteRunner.runTest(SuiteRunner.java:455) [testng-6.14.3.jar:?]
	at org.testng.SuiteRunner.access$000(SuiteRunner.java:40) [testng-6.14.3.jar:?]
	at org.testng.SuiteRunner$SuiteWorker.run(SuiteRunner.java:489) [testng-6.14.3.jar:?]
	at org.testng.internal.thread.ThreadUtil$1.call(ThreadUtil.java:52) [testng-6.14.3.jar:?]
	at java.util.concurrent.FutureTask.run(FutureTask.java:266) [?:1.8.0_131]
	at java.util.concurrent.ThreadPoolExecutor.runWorker(ThreadPoolExecutor.java:1142) [?:1.8.0_131]
	at java.util.concurrent.ThreadPoolExecutor$Worker.run(ThreadPoolExecutor.java:617) [?:1.8.0_131]
	at java.lang.Thread.run(Thread.java:748) [?:1.8.0_131]
14:40:22.403 INFO  AutomationTesting2020 -onTestSkipped -> Test Method Name: confirm_User_Registration
14:40:22.403 ERROR AutomationTesting2020 -Error while executing onTestSkipped, full stack trace follows:
java.lang.NullPointerException: null
	at listeners.TestListeners.onTestSkipped(TestListeners.java:102) [test-classes/:?]
	at org.testng.internal.TestListenerHelper.runTestListeners(TestListenerHelper.java:61) [testng-6.14.3.jar:?]
	at org.testng.internal.Invoker.runTestListeners(Invoker.java:1389) [testng-6.14.3.jar:?]
	at org.testng.internal.Invoker.registerSkippedTestResult(Invoker.java:1063) [testng-6.14.3.jar:?]
	at org.testng.internal.Invoker.invokeMethod(Invoker.java:529) [testng-6.14.3.jar:?]
	at org.testng.internal.Invoker.invokeTestMethod(Invoker.java:719) [testng-6.14.3.jar:?]
	at org.testng.internal.Invoker.invokeTestMethods(Invoker.java:989) [testng-6.14.3.jar:?]
	at org.testng.internal.TestMethodWorker.invokeTestMethods(TestMethodWorker.java:125) [testng-6.14.3.jar:?]
	at org.testng.internal.TestMethodWorker.run(TestMethodWorker.java:109) [testng-6.14.3.jar:?]
	at org.testng.TestRunner.privateRun(TestRunner.java:648) [testng-6.14.3.jar:?]
	at org.testng.TestRunner.run(TestRunner.java:505) [testng-6.14.3.jar:?]
	at org.testng.SuiteRunner.runTest(SuiteRunner.java:455) [testng-6.14.3.jar:?]
	at org.testng.SuiteRunner.access$000(SuiteRunner.java:40) [testng-6.14.3.jar:?]
	at org.testng.SuiteRunner$SuiteWorker.run(SuiteRunner.java:489) [testng-6.14.3.jar:?]
	at org.testng.internal.thread.ThreadUtil$1.call(ThreadUtil.java:52) [testng-6.14.3.jar:?]
	at java.util.concurrent.FutureTask.run(FutureTask.java:266) [?:1.8.0_131]
	at java.util.concurrent.ThreadPoolExecutor.runWorker(ThreadPoolExecutor.java:1142) [?:1.8.0_131]
	at java.util.concurrent.ThreadPoolExecutor$Worker.run(ThreadPoolExecutor.java:617) [?:1.8.0_131]
	at java.lang.Thread.run(Thread.java:748) [?:1.8.0_131]
14:40:22.404 INFO  AutomationTesting2020 -onTestSkipped -> Test Method Name: flight_Confirmation
14:40:22.404 ERROR AutomationTesting2020 -Error while executing onTestSkipped, full stack trace follows:
java.lang.NullPointerException: null
	at listeners.TestListeners.onTestSkipped(TestListeners.java:102) [test-classes/:?]
	at org.testng.internal.TestListenerHelper.runTestListeners(TestListenerHelper.java:61) [testng-6.14.3.jar:?]
	at org.testng.internal.Invoker.runTestListeners(Invoker.java:1389) [testng-6.14.3.jar:?]
	at org.testng.internal.Invoker.registerSkippedTestResult(Invoker.java:1063) [testng-6.14.3.jar:?]
	at org.testng.internal.Invoker.invokeMethod(Invoker.java:529) [testng-6.14.3.jar:?]
	at org.testng.internal.Invoker.invokeTestMethod(Invoker.java:719) [testng-6.14.3.jar:?]
	at org.testng.internal.Invoker.invokeTestMethods(Invoker.java:989) [testng-6.14.3.jar:?]
	at org.testng.internal.TestMethodWorker.invokeTestMethods(TestMethodWorker.java:125) [testng-6.14.3.jar:?]
	at org.testng.internal.TestMethodWorker.run(TestMethodWorker.java:109) [testng-6.14.3.jar:?]
	at org.testng.TestRunner.privateRun(TestRunner.java:648) [testng-6.14.3.jar:?]
	at org.testng.TestRunner.run(TestRunner.java:505) [testng-6.14.3.jar:?]
	at org.testng.SuiteRunner.runTest(SuiteRunner.java:455) [testng-6.14.3.jar:?]
	at org.testng.SuiteRunner.access$000(SuiteRunner.java:40) [testng-6.14.3.jar:?]
	at org.testng.SuiteRunner$SuiteWorker.run(SuiteRunner.java:489) [testng-6.14.3.jar:?]
	at org.testng.internal.thread.ThreadUtil$1.call(ThreadUtil.java:52) [testng-6.14.3.jar:?]
	at java.util.concurrent.FutureTask.run(FutureTask.java:266) [?:1.8.0_131]
	at java.util.concurrent.ThreadPoolExecutor.runWorker(ThreadPoolExecutor.java:1142) [?:1.8.0_131]
	at java.util.concurrent.ThreadPoolExecutor$Worker.run(ThreadPoolExecutor.java:617) [?:1.8.0_131]
	at java.lang.Thread.run(Thread.java:748) [?:1.8.0_131]
14:40:22.406 INFO  AutomationTesting2020 -onTestSkipped -> Test Method Name: flight_Confirmation
14:40:22.406 ERROR AutomationTesting2020 -Error while executing onTestSkipped, full stack trace follows:
java.lang.NullPointerException: null
	at listeners.TestListeners.onTestSkipped(TestListeners.java:102) [test-classes/:?]
	at org.testng.internal.TestListenerHelper.runTestListeners(TestListenerHelper.java:61) [testng-6.14.3.jar:?]
	at org.testng.internal.Invoker.runTestListeners(Invoker.java:1389) [testng-6.14.3.jar:?]
	at org.testng.internal.Invoker.registerSkippedTestResult(Invoker.java:1063) [testng-6.14.3.jar:?]
	at org.testng.internal.Invoker.invokeMethod(Invoker.java:529) [testng-6.14.3.jar:?]
	at org.testng.internal.Invoker.invokeTestMethod(Invoker.java:719) [testng-6.14.3.jar:?]
	at org.testng.internal.Invoker.invokeTestMethods(Invoker.java:989) [testng-6.14.3.jar:?]
	at org.testng.internal.TestMethodWorker.invokeTestMethods(TestMethodWorker.java:125) [testng-6.14.3.jar:?]
	at org.testng.internal.TestMethodWorker.run(TestMethodWorker.java:109) [testng-6.14.3.jar:?]
	at org.testng.TestRunner.privateRun(TestRunner.java:648) [testng-6.14.3.jar:?]
	at org.testng.TestRunner.run(TestRunner.java:505) [testng-6.14.3.jar:?]
	at org.testng.SuiteRunner.runTest(SuiteRunner.java:455) [testng-6.14.3.jar:?]
	at org.testng.SuiteRunner.access$000(SuiteRunner.java:40) [testng-6.14.3.jar:?]
	at org.testng.SuiteRunner$SuiteWorker.run(SuiteRunner.java:489) [testng-6.14.3.jar:?]
	at org.testng.internal.thread.ThreadUtil$1.call(ThreadUtil.java:52) [testng-6.14.3.jar:?]
	at java.util.concurrent.FutureTask.run(FutureTask.java:266) [?:1.8.0_131]
	at java.util.concurrent.ThreadPoolExecutor.runWorker(ThreadPoolExecutor.java:1142) [?:1.8.0_131]
	at java.util.concurrent.ThreadPoolExecutor$Worker.run(ThreadPoolExecutor.java:617) [?:1.8.0_131]
	at java.lang.Thread.run(Thread.java:748) [?:1.8.0_131]
14:40:22.407 INFO  AutomationTesting2020 -onTestSkipped -> Test Method Name: flight_Reservation
14:40:22.407 ERROR AutomationTesting2020 -Error while executing onTestSkipped, full stack trace follows:
java.lang.NullPointerException: null
	at listeners.TestListeners.onTestSkipped(TestListeners.java:102) [test-classes/:?]
	at org.testng.internal.TestListenerHelper.runTestListeners(TestListenerHelper.java:61) [testng-6.14.3.jar:?]
	at org.testng.internal.Invoker.runTestListeners(Invoker.java:1389) [testng-6.14.3.jar:?]
	at org.testng.internal.Invoker.registerSkippedTestResult(Invoker.java:1063) [testng-6.14.3.jar:?]
	at org.testng.internal.Invoker.invokeMethod(Invoker.java:529) [testng-6.14.3.jar:?]
	at org.testng.internal.Invoker.invokeTestMethod(Invoker.java:719) [testng-6.14.3.jar:?]
	at org.testng.internal.Invoker.invokeTestMethods(Invoker.java:989) [testng-6.14.3.jar:?]
	at org.testng.internal.TestMethodWorker.invokeTestMethods(TestMethodWorker.java:125) [testng-6.14.3.jar:?]
	at org.testng.internal.TestMethodWorker.run(TestMethodWorker.java:109) [testng-6.14.3.jar:?]
	at org.testng.TestRunner.privateRun(TestRunner.java:648) [testng-6.14.3.jar:?]
	at org.testng.TestRunner.run(TestRunner.java:505) [testng-6.14.3.jar:?]
	at org.testng.SuiteRunner.runTest(SuiteRunner.java:455) [testng-6.14.3.jar:?]
	at org.testng.SuiteRunner.access$000(SuiteRunner.java:40) [testng-6.14.3.jar:?]
	at org.testng.SuiteRunner$SuiteWorker.run(SuiteRunner.java:489) [testng-6.14.3.jar:?]
	at org.testng.internal.thread.ThreadUtil$1.call(ThreadUtil.java:52) [testng-6.14.3.jar:?]
	at java.util.concurrent.FutureTask.run(FutureTask.java:266) [?:1.8.0_131]
	at java.util.concurrent.ThreadPoolExecutor.runWorker(ThreadPoolExecutor.java:1142) [?:1.8.0_131]
	at java.util.concurrent.ThreadPoolExecutor$Worker.run(ThreadPoolExecutor.java:617) [?:1.8.0_131]
	at java.lang.Thread.run(Thread.java:748) [?:1.8.0_131]
14:40:22.409 INFO  AutomationTesting2020 -onTestSkipped -> Test Method Name: flight_Reservation
14:40:22.409 ERROR AutomationTesting2020 -Error while executing onTestSkipped, full stack trace follows:
java.lang.NullPointerException: null
	at listeners.TestListeners.onTestSkipped(TestListeners.java:102) [test-classes/:?]
	at org.testng.internal.TestListenerHelper.runTestListeners(TestListenerHelper.java:61) [testng-6.14.3.jar:?]
	at org.testng.internal.Invoker.runTestListeners(Invoker.java:1389) [testng-6.14.3.jar:?]
	at org.testng.internal.Invoker.registerSkippedTestResult(Invoker.java:1063) [testng-6.14.3.jar:?]
	at org.testng.internal.Invoker.invokeMethod(Invoker.java:529) [testng-6.14.3.jar:?]
	at org.testng.internal.Invoker.invokeTestMethod(Invoker.java:719) [testng-6.14.3.jar:?]
	at org.testng.internal.Invoker.invokeTestMethods(Invoker.java:989) [testng-6.14.3.jar:?]
	at org.testng.internal.TestMethodWorker.invokeTestMethods(TestMethodWorker.java:125) [testng-6.14.3.jar:?]
	at org.testng.internal.TestMethodWorker.run(TestMethodWorker.java:109) [testng-6.14.3.jar:?]
	at org.testng.TestRunner.privateRun(TestRunner.java:648) [testng-6.14.3.jar:?]
	at org.testng.TestRunner.run(TestRunner.java:505) [testng-6.14.3.jar:?]
	at org.testng.SuiteRunner.runTest(SuiteRunner.java:455) [testng-6.14.3.jar:?]
	at org.testng.SuiteRunner.access$000(SuiteRunner.java:40) [testng-6.14.3.jar:?]
	at org.testng.SuiteRunner$SuiteWorker.run(SuiteRunner.java:489) [testng-6.14.3.jar:?]
	at org.testng.internal.thread.ThreadUtil$1.call(ThreadUtil.java:52) [testng-6.14.3.jar:?]
	at java.util.concurrent.FutureTask.run(FutureTask.java:266) [?:1.8.0_131]
	at java.util.concurrent.ThreadPoolExecutor.runWorker(ThreadPoolExecutor.java:1142) [?:1.8.0_131]
	at java.util.concurrent.ThreadPoolExecutor$Worker.run(ThreadPoolExecutor.java:617) [?:1.8.0_131]
	at java.lang.Thread.run(Thread.java:748) [?:1.8.0_131]
14:40:22.411 INFO  AutomationTesting2020 -onTestSkipped -> Test Method Name: flight_Confirmation
14:40:22.411 ERROR AutomationTesting2020 -Error while executing onTestSkipped, full stack trace follows:
java.lang.NullPointerException: null
	at listeners.TestListeners.onTestSkipped(TestListeners.java:102) [test-classes/:?]
	at org.testng.internal.TestListenerHelper.runTestListeners(TestListenerHelper.java:61) [testng-6.14.3.jar:?]
	at org.testng.internal.Invoker.runTestListeners(Invoker.java:1389) [testng-6.14.3.jar:?]
	at org.testng.internal.Invoker.registerSkippedTestResult(Invoker.java:1063) [testng-6.14.3.jar:?]
	at org.testng.internal.Invoker.invokeMethod(Invoker.java:529) [testng-6.14.3.jar:?]
	at org.testng.internal.Invoker.invokeTestMethod(Invoker.java:719) [testng-6.14.3.jar:?]
	at org.testng.internal.Invoker.invokeTestMethods(Invoker.java:989) [testng-6.14.3.jar:?]
	at org.testng.internal.TestMethodWorker.invokeTestMethods(TestMethodWorker.java:125) [testng-6.14.3.jar:?]
	at org.testng.internal.TestMethodWorker.run(TestMethodWorker.java:109) [testng-6.14.3.jar:?]
	at org.testng.TestRunner.privateRun(TestRunner.java:648) [testng-6.14.3.jar:?]
	at org.testng.TestRunner.run(TestRunner.java:505) [testng-6.14.3.jar:?]
	at org.testng.SuiteRunner.runTest(SuiteRunner.java:455) [testng-6.14.3.jar:?]
	at org.testng.SuiteRunner.access$000(SuiteRunner.java:40) [testng-6.14.3.jar:?]
	at org.testng.SuiteRunner$SuiteWorker.run(SuiteRunner.java:489) [testng-6.14.3.jar:?]
	at org.testng.internal.thread.ThreadUtil$1.call(ThreadUtil.java:52) [testng-6.14.3.jar:?]
	at java.util.concurrent.FutureTask.run(FutureTask.java:266) [?:1.8.0_131]
	at java.util.concurrent.ThreadPoolExecutor.runWorker(ThreadPoolExecutor.java:1142) [?:1.8.0_131]
	at java.util.concurrent.ThreadPoolExecutor$Worker.run(ThreadPoolExecutor.java:617) [?:1.8.0_131]
	at java.lang.Thread.run(Thread.java:748) [?:1.8.0_131]
14:40:22.414 INFO  AutomationTesting2020 -onTestSkipped -> Test Method Name: flight_Confirmation
14:40:22.414 ERROR AutomationTesting2020 -Error while executing onTestSkipped, full stack trace follows:
java.lang.NullPointerException: null
	at listeners.TestListeners.onTestSkipped(TestListeners.java:102) [test-classes/:?]
	at org.testng.internal.TestListenerHelper.runTestListeners(TestListenerHelper.java:61) [testng-6.14.3.jar:?]
	at org.testng.internal.Invoker.runTestListeners(Invoker.java:1389) [testng-6.14.3.jar:?]
	at org.testng.internal.Invoker.registerSkippedTestResult(Invoker.java:1063) [testng-6.14.3.jar:?]
	at org.testng.internal.Invoker.invokeMethod(Invoker.java:529) [testng-6.14.3.jar:?]
	at org.testng.internal.Invoker.invokeTestMethod(Invoker.java:719) [testng-6.14.3.jar:?]
	at org.testng.internal.Invoker.invokeTestMethods(Invoker.java:989) [testng-6.14.3.jar:?]
	at org.testng.internal.TestMethodWorker.invokeTestMethods(TestMethodWorker.java:125) [testng-6.14.3.jar:?]
	at org.testng.internal.TestMethodWorker.run(TestMethodWorker.java:109) [testng-6.14.3.jar:?]
	at org.testng.TestRunner.privateRun(TestRunner.java:648) [testng-6.14.3.jar:?]
	at org.testng.TestRunner.run(TestRunner.java:505) [testng-6.14.3.jar:?]
	at org.testng.SuiteRunner.runTest(SuiteRunner.java:455) [testng-6.14.3.jar:?]
	at org.testng.SuiteRunner.access$000(SuiteRunner.java:40) [testng-6.14.3.jar:?]
	at org.testng.SuiteRunner$SuiteWorker.run(SuiteRunner.java:489) [testng-6.14.3.jar:?]
	at org.testng.internal.thread.ThreadUtil$1.call(ThreadUtil.java:52) [testng-6.14.3.jar:?]
	at java.util.concurrent.FutureTask.run(FutureTask.java:266) [?:1.8.0_131]
	at java.util.concurrent.ThreadPoolExecutor.runWorker(ThreadPoolExecutor.java:1142) [?:1.8.0_131]
	at java.util.concurrent.ThreadPoolExecutor$Worker.run(ThreadPoolExecutor.java:617) [?:1.8.0_131]
	at java.lang.Thread.run(Thread.java:748) [?:1.8.0_131]
14:40:22.447 INFO  AutomationTesting2020 -onFinish -> Test Tag Name: Book Flight for 2 Passengers
14:40:22.449 INFO  AutomationTesting2020 -onFinish -> Test Tag Name: Book Flight for 1 Passenger
14:40:22.449 INFO  AutomationTesting2020 -onFinish -> Test Tag Name: Book Flight for 4 Passengers
14:40:22.450 INFO  AutomationTesting2020 -onFinish -> Test Tag Name: Book Flight for 3 Passengers
14:40:52.205 INFO  AutomationTesting2020 -onStart -> Test Tag Name: Book Flight for 4 Passengers
14:40:52.205 INFO  AutomationTesting2020 -onStart -> Test Tag Name: Book Flight for 3 Passengers
14:40:52.205 INFO  AutomationTesting2020 -onStart -> Test Tag Name: Book Flight for 1 Passenger
14:40:52.205 INFO  AutomationTesting2020 -onStart -> Test Tag Name: Book Flight for 2 Passengers
14:40:52.215 INFO  AutomationTesting2020 -confirm_User_Registration
14:40:52.215 INFO  AutomationTesting2020 -confirm_User_Registration
14:40:52.215 INFO  AutomationTesting2020 -confirm_User_Registration
14:40:52.215 INFO  AutomationTesting2020 -confirm_User_Registration
14:40:52.215 INFO  AutomationTesting2020 -flight_Confirmation
14:40:52.215 INFO  AutomationTesting2020 -flight_Confirmation
14:40:52.215 INFO  AutomationTesting2020 -flight_Confirmation
14:40:52.215 INFO  AutomationTesting2020 -flight_Reservation
14:40:52.215 INFO  AutomationTesting2020 -flight_Reservation
14:40:52.215 INFO  AutomationTesting2020 -open_Registration
14:40:52.215 INFO  AutomationTesting2020 -flight_Confirmation
14:40:52.215 INFO  AutomationTesting2020 -user_Registration
14:40:52.215 INFO  AutomationTesting2020 -flight_Reservation
14:40:52.215 INFO  AutomationTesting2020 -open_Registration
14:40:52.215 INFO  AutomationTesting2020 -flight_Reservation
14:40:52.215 INFO  AutomationTesting2020 -open_Registration
14:40:52.215 INFO  AutomationTesting2020 -user_Registration
14:40:52.215 INFO  AutomationTesting2020 -open_Registration
14:40:52.215 INFO  AutomationTesting2020 -user_Registration
14:40:52.216 INFO  AutomationTesting2020 -user_Registration
14:40:57.289 INFO  AutomationTesting2020 -onTestSuccess -> Test Method Name: open_Registration
14:40:57.438 INFO  AutomationTesting2020 -onTestSuccess -> Test Method Name: open_Registration
14:40:57.454 INFO  AutomationTesting2020 -onTestSuccess -> Test Method Name: open_Registration
14:40:57.554 INFO  AutomationTesting2020 -onTestSuccess -> Test Method Name: open_Registration
14:41:17.956 INFO  AutomationTesting2020 -onTestSuccess -> Test Method Name: user_Registration
14:41:18.049 INFO  AutomationTesting2020 -onTestSuccess -> Test Method Name: user_Registration
14:41:18.205 INFO  AutomationTesting2020 -onTestSuccess -> Test Method Name: user_Registration
14:41:18.365 INFO  AutomationTesting2020 -onTestSuccess -> Test Method Name: user_Registration
14:41:19.119 INFO  AutomationTesting2020 -onTestSuccess -> Test Method Name: confirm_User_Registration
14:41:19.213 INFO  AutomationTesting2020 -onTestSuccess -> Test Method Name: confirm_User_Registration
14:41:19.349 INFO  AutomationTesting2020 -onTestSuccess -> Test Method Name: confirm_User_Registration
14:41:19.528 INFO  AutomationTesting2020 -onTestSuccess -> Test Method Name: confirm_User_Registration
14:41:22.542 INFO  AutomationTesting2020 -onTestSuccess -> Test Method Name: flight_Reservation
14:41:22.611 INFO  AutomationTesting2020 -onTestSuccess -> Test Method Name: flight_Reservation
14:41:22.713 INFO  AutomationTesting2020 -onTestSuccess -> Test Method Name: flight_Reservation
14:41:22.749 INFO  AutomationTesting2020 -onTestSuccess -> Test Method Name: flight_Reservation
14:41:23.916 INFO  AutomationTesting2020 -onTestSuccess -> Test Method Name: flight_Confirmation
14:41:23.977 INFO  AutomationTesting2020 -onTestSuccess -> Test Method Name: flight_Confirmation
14:41:23.997 INFO  AutomationTesting2020 -onFinish -> Test Tag Name: Book Flight for 4 Passengers
14:41:24.052 INFO  AutomationTesting2020 -onFinish -> Test Tag Name: Book Flight for 3 Passengers
14:41:24.056 INFO  AutomationTesting2020 -onTestSuccess -> Test Method Name: flight_Confirmation
14:41:24.108 INFO  AutomationTesting2020 -onTestSuccess -> Test Method Name: flight_Confirmation
14:41:24.127 INFO  AutomationTesting2020 -onFinish -> Test Tag Name: Book Flight for 2 Passengers
14:41:24.182 INFO  AutomationTesting2020 -onFinish -> Test Tag Name: Book Flight for 1 Passenger
